assignment4/app/build/intermediates/manifest_merge_blame_file/debug/manifest-merger-blame-debug-report.txt
1<?xml version="1.0" encoding="utf-8"?>
2<manifest xmlns:android="http://schemas.android.com/apk/res/android"
3    package="edu.vandy.palantirisimulator"
4    android:versionCode="1"
5    android:versionName="1.0" >
6
7    <uses-sdk
8        android:minSdkVersion="33"
9        android:targetSdkVersion="34" />
10
11    <uses-permission android:name="android.permission.WRITE_EXTERNAL_STORAGE" />
11-->src/main/AndroidManifest.xml:6:5-81
11-->src/main/AndroidManifest.xml:6:22-78
12    <uses-permission android:name="android.permission.READ_PHONE_STATE" />
12-->src/main/AndroidManifest.xml:7:5-75
12-->src/main/AndroidManifest.xml:7:22-72
13    <uses-permission android:name="android.permission.READ_EXTERNAL_STORAGE" />
13-->src/main/AndroidManifest.xml:8:5-80
13-->src/main/AndroidManifest.xml:8:22-77
14
15    <permission
15-->[androidx.core:core:1.10.1] AndroidManifest.xml:22:5-24:47
16        android:name="edu.vandy.palantirisimulator.DYNAMIC_RECEIVER_NOT_EXPORTED_PERMISSION"
16-->[androidx.core:core:1.10.1] AndroidManifest.xml:23:9-81
17        android:protectionLevel="signature" />
17-->[androidx.core:core:1.10.1] AndroidManifest.xml:24:9-44
18
19    <uses-permission android:name="edu.vandy.palantirisimulator.DYNAMIC_RECEIVER_NOT_EXPORTED_PERMISSION" /> <!-- To allow posting notifications on Android 13 -->
19-->[androidx.core:core:1.10.1] AndroidManifest.xml:26:5-97
19-->[androidx.core:core:1.10.1] AndroidManifest.xml:26:22-94
20    <uses-permission android:name="android.permission.POST_NOTIFICATIONS" />
20-->[com.squareup.leakcanary:leakcanary-android-core:2.12] AndroidManifest.xml:29:5-77
20-->[com.squareup.leakcanary:leakcanary-android-core:2.12] AndroidManifest.xml:29:22-74
21
22    <application
22-->src/main/AndroidManifest.xml:10:5-25:19
23        android:name="edu.vandy.app.App"
23-->src/main/AndroidManifest.xml:12:9-32
24        android:allowBackup="true"
24-->src/main/AndroidManifest.xml:11:9-35
25        android:appComponentFactory="androidx.core.app.CoreComponentFactory"
25-->[androidx.core:core:1.10.1] AndroidManifest.xml:28:18-86
26        android:debuggable="true"
27        android:extractNativeLibs="false"
28        android:icon="@drawable/palantir_bright" >
28-->src/main/AndroidManifest.xml:13:9-49
29        <activity
29-->src/main/AndroidManifest.xml:14:9-24:20
30            android:name="edu.vandy.app.ui.screens.main.MainActivity"
30-->src/main/AndroidManifest.xml:15:13-70
31            android:exported="true"
31-->src/main/AndroidManifest.xml:18:13-36
32            android:label="@string/app_name"
32-->src/main/AndroidManifest.xml:16:13-45
33            android:theme="@style/AppTheme.NoActionBar" >
33-->src/main/AndroidManifest.xml:17:13-56
34            <intent-filter>
34-->src/main/AndroidManifest.xml:19:13-23:29
35                <action android:name="android.intent.action.MAIN" />
35-->src/main/AndroidManifest.xml:20:17-69
35-->src/main/AndroidManifest.xml:20:25-66
36
37                <category android:name="android.intent.category.LAUNCHER" />
37-->src/main/AndroidManifest.xml:22:17-77
37-->src/main/AndroidManifest.xml:22:27-74
38            </intent-filter>
39        </activity>
40
41        <provider
41-->[androidx.emoji2:emoji2:1.2.0] AndroidManifest.xml:24:9-32:20
42            android:name="androidx.startup.InitializationProvider"
42-->[androidx.emoji2:emoji2:1.2.0] AndroidManifest.xml:25:13-67
43            android:authorities="edu.vandy.palantirisimulator.androidx-startup"
43-->[androidx.emoji2:emoji2:1.2.0] AndroidManifest.xml:26:13-68
44            android:exported="false" >
44-->[androidx.emoji2:emoji2:1.2.0] AndroidManifest.xml:27:13-37
45            <meta-data
45-->[androidx.emoji2:emoji2:1.2.0] AndroidManifest.xml:29:13-31:52
46                android:name="androidx.emoji2.text.EmojiCompatInitializer"
46-->[androidx.emoji2:emoji2:1.2.0] AndroidManifest.xml:30:17-75
47                android:value="androidx.startup" />
47-->[androidx.emoji2:emoji2:1.2.0] AndroidManifest.xml:31:17-49
48            <meta-data
48-->[androidx.lifecycle:lifecycle-process:2.6.1] AndroidManifest.xml:29:13-31:52
49                android:name="androidx.lifecycle.ProcessLifecycleInitializer"
49-->[androidx.lifecycle:lifecycle-process:2.6.1] AndroidManifest.xml:30:17-78
50                android:value="androidx.startup" />
50-->[androidx.lifecycle:lifecycle-process:2.6.1] AndroidManifest.xml:31:17-49
51            <meta-data
51-->[androidx.profileinstaller:profileinstaller:1.3.0] AndroidManifest.xml:29:13-31:52
52                android:name="androidx.profileinstaller.ProfileInstallerInitializer"
52-->[androidx.profileinstaller:profileinstaller:1.3.0] AndroidManifest.xml:30:17-85
53                android:value="androidx.startup" />
53-->[androidx.profileinstaller:profileinstaller:1.3.0] AndroidManifest.xml:31:17-49
54        </provider>
55
56        <uses-library
56-->[androidx.window:window:1.0.0] AndroidManifest.xml:25:9-27:40
57            android:name="androidx.window.extensions"
57-->[androidx.window:window:1.0.0] AndroidManifest.xml:26:13-54
58            android:required="false" />
58-->[androidx.window:window:1.0.0] AndroidManifest.xml:27:13-37
59        <uses-library
59-->[androidx.window:window:1.0.0] AndroidManifest.xml:28:9-30:40
60            android:name="androidx.window.sidecar"
60-->[androidx.window:window:1.0.0] AndroidManifest.xml:29:13-51
61            android:required="false" />
61-->[androidx.window:window:1.0.0] AndroidManifest.xml:30:13-37
62
63        <provider
63-->[com.squareup.picasso:picasso:2.71828] AndroidManifest.xml:8:9-11:40
64            android:name="com.squareup.picasso.PicassoProvider"
64-->[com.squareup.picasso:picasso:2.71828] AndroidManifest.xml:9:13-64
65            android:authorities="edu.vandy.palantirisimulator.com.squareup.picasso"
65-->[com.squareup.picasso:picasso:2.71828] AndroidManifest.xml:10:13-72
66            android:exported="false" />
66-->[com.squareup.picasso:picasso:2.71828] AndroidManifest.xml:11:13-37
67
68        <receiver
68-->[androidx.profileinstaller:profileinstaller:1.3.0] AndroidManifest.xml:34:9-52:20
69            android:name="androidx.profileinstaller.ProfileInstallReceiver"
69-->[androidx.profileinstaller:profileinstaller:1.3.0] AndroidManifest.xml:35:13-76
70            android:directBootAware="false"
70-->[androidx.profileinstaller:profileinstaller:1.3.0] AndroidManifest.xml:36:13-44
71            android:enabled="true"
71-->[androidx.profileinstaller:profileinstaller:1.3.0] AndroidManifest.xml:37:13-35
72            android:exported="true"
72-->[androidx.profileinstaller:profileinstaller:1.3.0] AndroidManifest.xml:38:13-36
73            android:permission="android.permission.DUMP" >
73-->[androidx.profileinstaller:profileinstaller:1.3.0] AndroidManifest.xml:39:13-57
74            <intent-filter>
74-->[androidx.profileinstaller:profileinstaller:1.3.0] AndroidManifest.xml:40:13-42:29
75                <action android:name="androidx.profileinstaller.action.INSTALL_PROFILE" />
75-->[androidx.profileinstaller:profileinstaller:1.3.0] AndroidManifest.xml:41:17-91
75-->[androidx.profileinstaller:profileinstaller:1.3.0] AndroidManifest.xml:41:25-88
76            </intent-filter>
77            <intent-filter>
77-->[androidx.profileinstaller:profileinstaller:1.3.0] AndroidManifest.xml:43:13-45:29
78                <action android:name="androidx.profileinstaller.action.SKIP_FILE" />
78-->[androidx.profileinstaller:profileinstaller:1.3.0] AndroidManifest.xml:44:17-85
78-->[androidx.profileinstaller:profileinstaller:1.3.0] AndroidManifest.xml:44:25-82
79            </intent-filter>
80            <intent-filter>
80-->[androidx.profileinstaller:profileinstaller:1.3.0] AndroidManifest.xml:46:13-48:29
81                <action android:name="androidx.profileinstaller.action.SAVE_PROFILE" />
81-->[androidx.profileinstaller:profileinstaller:1.3.0] AndroidManifest.xml:47:17-88
81-->[androidx.profileinstaller:profileinstaller:1.3.0] AndroidManifest.xml:47:25-85
82            </intent-filter>
83            <intent-filter>
83-->[androidx.profileinstaller:profileinstaller:1.3.0] AndroidManifest.xml:49:13-51:29
84                <action android:name="androidx.profileinstaller.action.BENCHMARK_OPERATION" />
84-->[androidx.profileinstaller:profileinstaller:1.3.0] AndroidManifest.xml:50:17-95
84-->[androidx.profileinstaller:profileinstaller:1.3.0] AndroidManifest.xml:50:25-92
85            </intent-filter>
86        </receiver>
87
88        <provider
88-->[com.squareup.leakcanary:leakcanary-android-core:2.12] AndroidManifest.xml:32:9-40:20
89            android:name="leakcanary.internal.LeakCanaryFileProvider"
89-->[com.squareup.leakcanary:leakcanary-android-core:2.12] AndroidManifest.xml:33:13-70
90            android:authorities="com.squareup.leakcanary.fileprovider.edu.vandy.palantirisimulator"
90-->[com.squareup.leakcanary:leakcanary-android-core:2.12] AndroidManifest.xml:34:13-88
91            android:exported="false"
91-->[com.squareup.leakcanary:leakcanary-android-core:2.12] AndroidManifest.xml:35:13-37
92            android:grantUriPermissions="true" >
92-->[com.squareup.leakcanary:leakcanary-android-core:2.12] AndroidManifest.xml:36:13-47
93            <meta-data
93-->[com.squareup.leakcanary:leakcanary-android-core:2.12] AndroidManifest.xml:37:13-39:66
94                android:name="android.support.FILE_PROVIDER_PATHS"
94-->[com.squareup.leakcanary:leakcanary-android-core:2.12] AndroidManifest.xml:38:17-67
95                android:resource="@xml/leak_canary_file_paths" />
95-->[com.squareup.leakcanary:leakcanary-android-core:2.12] AndroidManifest.xml:39:17-63
96        </provider>
97
98        <activity
98-->[com.squareup.leakcanary:leakcanary-android-core:2.12] AndroidManifest.xml:42:9-73:20
99            android:name="leakcanary.internal.activity.LeakActivity"
99-->[com.squareup.leakcanary:leakcanary-android-core:2.12] AndroidManifest.xml:43:13-69
100            android:exported="true"
100-->[com.squareup.leakcanary:leakcanary-android-core:2.12] AndroidManifest.xml:44:13-36
101            android:icon="@mipmap/leak_canary_icon"
101-->[com.squareup.leakcanary:leakcanary-android-core:2.12] AndroidManifest.xml:45:13-52
102            android:label="@string/leak_canary_display_activity_label"
102-->[com.squareup.leakcanary:leakcanary-android-core:2.12] AndroidManifest.xml:46:13-71
103            android:taskAffinity="com.squareup.leakcanary.edu.vandy.palantirisimulator"
103-->[com.squareup.leakcanary:leakcanary-android-core:2.12] AndroidManifest.xml:47:13-76
104            android:theme="@style/leak_canary_LeakCanary.Base" >
104-->[com.squareup.leakcanary:leakcanary-android-core:2.12] AndroidManifest.xml:48:13-63
105            <intent-filter android:label="@string/leak_canary_import_hprof_file" >
105-->[com.squareup.leakcanary:leakcanary-android-core:2.12] AndroidManifest.xml:49:13-72:29
105-->[com.squareup.leakcanary:leakcanary-android-core:2.12] AndroidManifest.xml:49:28-81
106                <action android:name="android.intent.action.VIEW" />
106-->[com.squareup.leakcanary:leakcanary-android-core:2.12] AndroidManifest.xml:50:17-69
106-->[com.squareup.leakcanary:leakcanary-android-core:2.12] AndroidManifest.xml:50:25-66
107
108                <category android:name="android.intent.category.DEFAULT" />
108-->[com.squareup.leakcanary:leakcanary-android-core:2.12] AndroidManifest.xml:52:17-76
108-->[com.squareup.leakcanary:leakcanary-android-core:2.12] AndroidManifest.xml:52:27-73
109                <category android:name="android.intent.category.BROWSABLE" />
109-->[com.squareup.leakcanary:leakcanary-android-core:2.12] AndroidManifest.xml:53:17-78
109-->[com.squareup.leakcanary:leakcanary-android-core:2.12] AndroidManifest.xml:53:27-75
110
111                <data android:scheme="file" />
111-->[com.squareup.leakcanary:leakcanary-android-core:2.12] AndroidManifest.xml:55:17-47
111-->[com.squareup.leakcanary:leakcanary-android-core:2.12] AndroidManifest.xml:55:23-44
112                <data android:scheme="content" />
112-->[com.squareup.leakcanary:leakcanary-android-core:2.12] AndroidManifest.xml:55:17-47
112-->[com.squareup.leakcanary:leakcanary-android-core:2.12] AndroidManifest.xml:55:23-44
113                <data android:mimeType="*/*" />
113-->[com.squareup.leakcanary:leakcanary-android-core:2.12] AndroidManifest.xml:55:17-47
114                <data android:host="*" />
114-->[com.squareup.leakcanary:leakcanary-android-core:2.12] AndroidManifest.xml:55:17-47
115                <data android:pathPattern=".*\\.hprof" />
115-->[com.squareup.leakcanary:leakcanary-android-core:2.12] AndroidManifest.xml:55:17-47
116                <data android:pathPattern=".*\\..*\\.hprof" />
116-->[com.squareup.leakcanary:leakcanary-android-core:2.12] AndroidManifest.xml:55:17-47
117                <data android:pathPattern=".*\\..*\\..*\\.hprof" />
117-->[com.squareup.leakcanary:leakcanary-android-core:2.12] AndroidManifest.xml:55:17-47
118                <data android:pathPattern=".*\\..*\\..*\\..*\\.hprof" />
118-->[com.squareup.leakcanary:leakcanary-android-core:2.12] AndroidManifest.xml:55:17-47
119                <data android:pathPattern=".*\\..*\\..*\\..*\\..*\\.hprof" />
119-->[com.squareup.leakcanary:leakcanary-android-core:2.12] AndroidManifest.xml:55:17-47
120                <data android:pathPattern=".*\\..*\\..*\\..*\\..*\\..*\\.hprof" />
120-->[com.squareup.leakcanary:leakcanary-android-core:2.12] AndroidManifest.xml:55:17-47
121                <data android:pathPattern=".*\\..*\\..*\\..*\\..*\\..*\\..*\\.hprof" />
121-->[com.squareup.leakcanary:leakcanary-android-core:2.12] AndroidManifest.xml:55:17-47
122                <!--
123            Since hprof isn't a standard MIME type, we have to declare such patterns.
124            Most file providers will generate URIs including their own package name,
125            which contains `.` characters that must be explicitly escaped in pathPattern.
126            @see https://stackoverflow.com/a/31028507/703646
127                -->
128            </intent-filter>
129        </activity>
130
131        <activity-alias
131-->[com.squareup.leakcanary:leakcanary-android-core:2.12] AndroidManifest.xml:75:9-92:26
132            android:name="leakcanary.internal.activity.LeakLauncherActivity"
132-->[com.squareup.leakcanary:leakcanary-android-core:2.12] AndroidManifest.xml:76:13-77
133            android:banner="@drawable/leak_canary_tv_icon"
133-->[com.squareup.leakcanary:leakcanary-android-core:2.12] AndroidManifest.xml:77:13-59
134            android:enabled="@bool/leak_canary_add_launcher_icon"
134-->[com.squareup.leakcanary:leakcanary-android-core:2.12] AndroidManifest.xml:78:13-66
135            android:exported="true"
135-->[com.squareup.leakcanary:leakcanary-android-core:2.12] AndroidManifest.xml:79:13-36
136            android:icon="@mipmap/leak_canary_icon"
136-->[com.squareup.leakcanary:leakcanary-android-core:2.12] AndroidManifest.xml:80:13-52
137            android:label="@string/leak_canary_display_activity_label"
137-->[com.squareup.leakcanary:leakcanary-android-core:2.12] AndroidManifest.xml:81:13-71
138            android:targetActivity="leakcanary.internal.activity.LeakActivity"
138-->[com.squareup.leakcanary:leakcanary-android-core:2.12] AndroidManifest.xml:82:13-79
139            android:taskAffinity="com.squareup.leakcanary.edu.vandy.palantirisimulator"
139-->[com.squareup.leakcanary:leakcanary-android-core:2.12] AndroidManifest.xml:83:13-76
140            android:theme="@style/leak_canary_LeakCanary.Base" >
140-->[com.squareup.leakcanary:leakcanary-android-core:2.12] AndroidManifest.xml:84:13-63
141            <intent-filter>
141-->[com.squareup.leakcanary:leakcanary-android-core:2.12] AndroidManifest.xml:85:13-91:29
142                <action android:name="android.intent.action.MAIN" />
142-->src/main/AndroidManifest.xml:20:17-69
142-->src/main/AndroidManifest.xml:20:25-66
143
144                <category android:name="android.intent.category.LAUNCHER" />
144-->src/main/AndroidManifest.xml:22:17-77
144-->src/main/AndroidManifest.xml:22:27-74
145                <!-- Android TV launcher intent -->
146                <category android:name="android.intent.category.LEANBACK_LAUNCHER" />
146-->[com.squareup.leakcanary:leakcanary-android-core:2.12] AndroidManifest.xml:90:17-86
146-->[com.squareup.leakcanary:leakcanary-android-core:2.12] AndroidManifest.xml:90:27-83
147            </intent-filter>
148        </activity-alias>
149
150        <activity
150-->[com.squareup.leakcanary:leakcanary-android-core:2.12] AndroidManifest.xml:94:9-100:68
151            android:name="leakcanary.internal.RequestPermissionActivity"
151-->[com.squareup.leakcanary:leakcanary-android-core:2.12] AndroidManifest.xml:95:13-73
152            android:excludeFromRecents="true"
152-->[com.squareup.leakcanary:leakcanary-android-core:2.12] AndroidManifest.xml:96:13-46
153            android:icon="@mipmap/leak_canary_icon"
153-->[com.squareup.leakcanary:leakcanary-android-core:2.12] AndroidManifest.xml:97:13-52
154            android:label="@string/leak_canary_storage_permission_activity_label"
154-->[com.squareup.leakcanary:leakcanary-android-core:2.12] AndroidManifest.xml:98:13-82
155            android:taskAffinity="com.squareup.leakcanary.edu.vandy.palantirisimulator"
155-->[com.squareup.leakcanary:leakcanary-android-core:2.12] AndroidManifest.xml:99:13-76
156            android:theme="@style/leak_canary_Theme.Transparent" />
156-->[com.squareup.leakcanary:leakcanary-android-core:2.12] AndroidManifest.xml:100:13-65
157
158        <receiver android:name="leakcanary.internal.NotificationReceiver" />
158-->[com.squareup.leakcanary:leakcanary-android-core:2.12] AndroidManifest.xml:102:9-77
158-->[com.squareup.leakcanary:leakcanary-android-core:2.12] AndroidManifest.xml:102:19-74
159
160        <provider
160-->[com.squareup.leakcanary:leakcanary-object-watcher-android:2.12] AndroidManifest.xml:8:9-12:40
161            android:name="leakcanary.internal.MainProcessAppWatcherInstaller"
161-->[com.squareup.leakcanary:leakcanary-object-watcher-android:2.12] AndroidManifest.xml:9:13-78
162            android:authorities="edu.vandy.palantirisimulator.leakcanary-installer"
162-->[com.squareup.leakcanary:leakcanary-object-watcher-android:2.12] AndroidManifest.xml:10:13-72
163            android:enabled="@bool/leak_canary_watcher_auto_install"
163-->[com.squareup.leakcanary:leakcanary-object-watcher-android:2.12] AndroidManifest.xml:11:13-69
164            android:exported="false" />
164-->[com.squareup.leakcanary:leakcanary-object-watcher-android:2.12] AndroidManifest.xml:12:13-37
165        <provider
165-->[com.squareup.leakcanary:plumber-android:2.12] AndroidManifest.xml:8:9-12:40
166            android:name="leakcanary.internal.PlumberInstaller"
166-->[com.squareup.leakcanary:plumber-android:2.12] AndroidManifest.xml:9:13-64
167            android:authorities="edu.vandy.palantirisimulator.plumber-installer"
167-->[com.squareup.leakcanary:plumber-android:2.12] AndroidManifest.xml:10:13-69
168            android:enabled="@bool/leak_canary_plumber_auto_install"
168-->[com.squareup.leakcanary:plumber-android:2.12] AndroidManifest.xml:11:13-69
169            android:exported="false" />
169-->[com.squareup.leakcanary:plumber-android:2.12] AndroidManifest.xml:12:13-37
170    </application>
171
172</manifest>